<?xml version="1.0" encoding="UTF-8"?>
<!-- Generated by org.testng.reporters.JUnitReportReporter -->
<testsuite hostname="Lakhan" failures="0" tests="1" name="TestLogin.Login2Naukari" time="37.917" errors="0" timestamp="2023-09-26T12:18:38 IST" skipped="0">
  <testcase classname="TestLogin.Login2Naukari" name="Login2app" time="37.917"/>
  <system-out/>
</testsuite> <!-- TestLogin.Login2Naukari -->
