<?xml version="1.0" encoding="UTF-8"?>
<!-- Generated by org.testng.reporters.JUnitReportReporter -->
<testsuite hostname="Dell-pc" failures="0" tests="1" name="TestLogin.Login2Naukari" time="115.080" errors="0" timestamp="2023-10-03T20:22:41 IST" skipped="0">
  <testcase classname="TestLogin.Login2Naukari" name="Login2app" time="115.080"/>
  <system-out/>
</testsuite> <!-- TestLogin.Login2Naukari -->
